Using pre-set license
Built from '2021.1/staging' branch; Version is '2021.1.14f1 (51d2f824827f) revision 5362424'; Using compiler version '192528614'; Build Type 'Release'
OS: 'Windows 10 Pro; OS build 19043.1706; Version 2009; 64bit' Language: 'zh' Physical Memory: 32710 MB
BatchMode: 1, IsHumanControllingUs: 0, StartBugReporterOnCrash: 0, Is64bit: 1, IsPro: 0

 COMMAND LINE ARGUMENTS:
C:\Program Files\Unity 2021.1.14f1\Editor\Unity.exe
-adb2
-batchMode
-noUpm
-name
AssetImportWorker0
-projectPath
C:/Users/弦外之音/Desktop/Unity/Splendor/Splendor
-logFile
Logs/AssetImportWorker0.log
-srvPort
65071
Successfully changed project path to: C:/Users/弦外之音/Desktop/Unity/Splendor/Splendor
C:/Users/弦外之音/Desktop/Unity/Splendor/Splendor
Using Asset Import Pipeline V2.
Refreshing native plugins compatible for Editor in 124.40 ms, found 4 plugins.
Preloading 0 native plugins for Editor in 0.00 ms.
Initialize engine version: 2021.1.14f1 (51d2f824827f)
[Subsystems] Discovering subsystems at path C:/Program Files/Unity 2021.1.14f1/Editor/Data/Resources/UnitySubsystems
[Subsystems] Discovering subsystems at path C:/Users/弦外之音/Desktop/Unity/Splendor/Splendor/Assets
GfxDevice: creating device client; threaded=0; jobified=0
Direct3D:
    Version:  Direct3D 11.0 [level 11.1]
    Renderer: NVIDIA GeForce GTX 1660 SUPER (ID=0x21c4)
    Vendor:   NVIDIA
    VRAM:     5991 MB
    Driver:   27.21.14.5751
Initialize mono
Mono path[0] = 'C:/Program Files/Unity 2021.1.14f1/Editor/Data/Managed'
Mono path[1] = 'C:/Program Files/Unity 2021.1.14f1/Editor/Data/MonoBleedingEdge/lib/mono/unityjit'
Mono config path = 'C:/Program Files/Unity 2021.1.14f1/Editor/Data/MonoBleedingEdge/etc'
Using monoOptions --debugger-agent=transport=dt_socket,embedding=1,server=y,suspend=n,address=127.0.0.1:56476
Begin MonoManager ReloadAssembly
Registering precompiled unity dll's ...
Register platform support module: C:/Program Files/Unity 2021.1.14f1/Editor/Data/PlaybackEngines/WindowsStandaloneSupport/UnityEditor.WindowsStandalone.Extensions.dll
Registered in 0.002387 seconds.
Native extension for WindowsStandalone target not found
Refreshing native plugins compatible for Editor in 128.26 ms, found 4 plugins.
Preloading 0 native plugins for Editor in 0.00 ms.
Mono: successfully reloaded assembly
- Completed reload, in  1.686 seconds
Domain Reload Profiling:
	ReloadAssembly (1686ms)
		BeginReloadAssembly (67ms)
			ExecutionOrderSort (0ms)
			DisableScriptedObjects (0ms)
			BackupInstance (0ms)
			ReleaseScriptingObjects (0ms)
			CreateAndSetChildDomain (1ms)
		EndReloadAssembly (612ms)
			LoadAssemblies (64ms)
			RebuildTransferFunctionScriptingTraits (0ms)
			SetupTypeCache (214ms)
			ReleaseScriptCaches (0ms)
			RebuildScriptCaches (39ms)
			SetupLoadedEditorAssemblies (302ms)
				LogAssemblyErrors (0ms)
				InitializePlatformSupportModulesInManaged (9ms)
				SetLoadedEditorAssemblies (0ms)
				RefreshPlugins (128ms)
				BeforeProcessingInitializeOnLoad (4ms)
				ProcessInitializeOnLoadAttributes (123ms)
				ProcessInitializeOnLoadMethodAttributes (36ms)
				AfterProcessingInitializeOnLoad (0ms)
				EditorAssembliesLoaded (0ms)
			ExecutionOrderSort2 (0ms)
			AwakeInstancesAfterBackupRestoration (0ms)
Platform modules already initialized, skipping
Registering precompiled user dll's ...
Registered in 0.008580 seconds.
Begin MonoManager ReloadAssembly
Symbol file LoadedFromMemory doesn't match image C:\Users\弦外之音\Desktop\Unity\Splendor\Splendor\Library\PackageCache\com.unity.visualscripting@1.6.1\Editor\VisualScripting.Core\Dependencies\YamlDotNet\Unity.VisualScripting.YamlDotNet.dll
Symbol file LoadedFromMemory doesn't match image C:\Users\弦外之音\Desktop\Unity\Splendor\Splendor\Library\PackageCache\com.unity.visualscripting@1.6.1\Editor\VisualScripting.Core\Dependencies\DotNetZip\Unity.VisualScripting.IonicZip.dll
Native extension for WindowsStandalone target not found
Refreshing native plugins compatible for Editor in 128.61 ms, found 4 plugins.
Preloading 0 native plugins for Editor in 0.00 ms.
Mono: successfully reloaded assembly
- Completed reload, in  1.666 seconds
Domain Reload Profiling:
	ReloadAssembly (1667ms)
		BeginReloadAssembly (172ms)
			ExecutionOrderSort (0ms)
			DisableScriptedObjects (6ms)
			BackupInstance (0ms)
			ReleaseScriptingObjects (0ms)
			CreateAndSetChildDomain (22ms)
		EndReloadAssembly (1416ms)
			LoadAssemblies (115ms)
			RebuildTransferFunctionScriptingTraits (0ms)
			SetupTypeCache (492ms)
			ReleaseScriptCaches (1ms)
			RebuildScriptCaches (84ms)
			SetupLoadedEditorAssemblies (603ms)
				LogAssemblyErrors (0ms)
				InitializePlatformSupportModulesInManaged (5ms)
				SetLoadedEditorAssemblies (0ms)
				RefreshPlugins (129ms)
				BeforeProcessingInitializeOnLoad (125ms)
				ProcessInitializeOnLoadAttributes (311ms)
				ProcessInitializeOnLoadMethodAttributes (25ms)
				AfterProcessingInitializeOnLoad (7ms)
				EditorAssembliesLoaded (0ms)
			ExecutionOrderSort2 (0ms)
			AwakeInstancesAfterBackupRestoration (10ms)
Platform modules already initialized, skipping
========================================================================
Worker process is ready to serve import requests
Launched and connected shader compiler UnityShaderCompiler.exe after 0.05 seconds
Refreshing native plugins compatible for Editor in 0.76 ms, found 4 plugins.
Preloading 0 native plugins for Editor in 0.00 ms.
Unloading 3961 Unused Serialized files (Serialized files now loaded: 0)
System memory in use before: 147.7 MB.
System memory in use after: 147.8 MB.

Unloading 43 unused Assets to reduce memory usage. Loaded Objects now: 4402.
Total: 3.118300 ms (FindLiveObjects: 0.331600 ms CreateObjectMapping: 0.236800 ms MarkObjects: 2.426000 ms  DeleteObjects: 0.122900 ms)

AssetImportParameters requested are different than current active one (requested -> active):
  custom:framework-win-MediaFoundation: 216162199b28c13a410421893ffa2e32 -> 
  custom:video-decoder-ogg-theora: a1e56fd34408186e4bbccfd4996cb3dc -> 
  custom:container-muxer-webm: aa71ff27fc2769a1b78a27578f13a17b -> 
  custom:container-demuxer-webm: 4f35f7cbe854078d1ac9338744f61a02 -> 
  custom:container-demuxer-ogg: 62fdf1f143b41e24485cea50d1cbac27 -> 
  custom:video-encoder-webm-vp8: eb34c28f22e8b96e1ab97ce403110664 -> 
  custom:video-decoder-webm-vp8: 9c59270c3fd7afecdb556c50c9e8de78 -> 
  custom:audio-decoder-ogg-vorbis: bf7c407c2cedff20999df2af8eb42d56 -> 
  custom:audio-encoder-webm-vorbis: bf7c407c2cedff20999df2af8eb42d56 -> 
========================================================================
Received Import Request.
  path: Assets/Graphic/app icon
  artifactKey: Guid(a9a38a4677212f14c9dacbcf76f150e3) Importer(815301076,1909f56bfc062723c751e8b465ee728b)
Start importing Assets/Graphic/app icon using Guid(a9a38a4677212f14c9dacbcf76f150e3) Importer(815301076,1909f56bfc062723c751e8b465ee728b)  -> (artifact id: '6582e63761c85af6382c6f4622db0345') in 0.012252 seconds 
========================================================================
Received Import Request.
  Time since last request: 0.053486 seconds.
  path: Assets/Graphic/app icon/round_lagacy
  artifactKey: Guid(1efd583ecc25a7d40b52b0f090bb2a36) Importer(815301076,1909f56bfc062723c751e8b465ee728b)
Start importing Assets/Graphic/app icon/round_lagacy using Guid(1efd583ecc25a7d40b52b0f090bb2a36) Importer(815301076,1909f56bfc062723c751e8b465ee728b)  -> (artifact id: '3e865b67c1817bba3a28e18ad320ac81') in 0.009508 seconds 
========================================================================
Received Import Request.
  Time since last request: 0.455816 seconds.
  path: Assets/Graphic/app icon/adaptive
  artifactKey: Guid(9bc901a7e3560bf4b918d5fe600af0f7) Importer(815301076,1909f56bfc062723c751e8b465ee728b)
Start importing Assets/Graphic/app icon/adaptive using Guid(9bc901a7e3560bf4b918d5fe600af0f7) Importer(815301076,1909f56bfc062723c751e8b465ee728b)  -> (artifact id: 'a09280dab51d0528101036945ba7f5fe') in 0.008172 seconds 
========================================================================
Received Import Request.
  Time since last request: 0.194624 seconds.
  path: Assets/Graphic/app icon/adaptive/adaptive_81_background.PNG
  artifactKey: Guid(5c37b3bf8577588489c24d91288e6d07) Importer(815301076,1909f56bfc062723c751e8b465ee728b)
Start importing Assets/Graphic/app icon/adaptive/adaptive_81_background.PNG using Guid(5c37b3bf8577588489c24d91288e6d07) Importer(815301076,1909f56bfc062723c751e8b465ee728b)  -> (artifact id: '9d88ed4e51231681b946ceb0ff386cd2') in 0.162918 seconds 
========================================================================
Received Import Request.
  Time since last request: 0.000216 seconds.
  path: Assets/Graphic/app icon/adaptive/adaptive_81_foreground.PNG
  artifactKey: Guid(e87d8d6920fccaa4aa4ebcefa5cf84b4) Importer(815301076,1909f56bfc062723c751e8b465ee728b)
Start importing Assets/Graphic/app icon/adaptive/adaptive_81_foreground.PNG using Guid(e87d8d6920fccaa4aa4ebcefa5cf84b4) Importer(815301076,1909f56bfc062723c751e8b465ee728b)  -> (artifact id: 'fdeb22ceec70812736fefccd568f22a1') in 0.015537 seconds 
========================================================================
Received Import Request.
  Time since last request: 0.000165 seconds.
  path: Assets/Graphic/app icon/adaptive/adaptive_216_background.PNG
  artifactKey: Guid(1d624569aef66ad448b7489e88176adf) Importer(815301076,1909f56bfc062723c751e8b465ee728b)
Start importing Assets/Graphic/app icon/adaptive/adaptive_216_background.PNG using Guid(1d624569aef66ad448b7489e88176adf) Importer(815301076,1909f56bfc062723c751e8b465ee728b)  -> (artifact id: '6186725aedf256d7fd945fa9529debe0') in 0.033178 seconds 
========================================================================
Received Import Request.
  Time since last request: 0.000253 seconds.
  path: Assets/Graphic/app icon/adaptive/adaptive_162_foreground.PNG
  artifactKey: Guid(cf08d8c679ab4094e90b1fc66432d6af) Importer(815301076,1909f56bfc062723c751e8b465ee728b)
Start importing Assets/Graphic/app icon/adaptive/adaptive_162_foreground.PNG using Guid(cf08d8c679ab4094e90b1fc66432d6af) Importer(815301076,1909f56bfc062723c751e8b465ee728b)  -> (artifact id: 'd4f7c39cd6a5974d390a30cf1fdde5fa') in 0.023592 seconds 
========================================================================
Received Import Request.
  Time since last request: 0.000227 seconds.
  path: Assets/Graphic/app icon/adaptive/adaptive_108_foreground.PNG
  artifactKey: Guid(03e880d051a289a419560e3fa25b9608) Importer(815301076,1909f56bfc062723c751e8b465ee728b)
Start importing Assets/Graphic/app icon/adaptive/adaptive_108_foreground.PNG using Guid(03e880d051a289a419560e3fa25b9608) Importer(815301076,1909f56bfc062723c751e8b465ee728b)  -> (artifact id: '866e7a428030ac5f699d7d6f3c0dd758') in 0.018147 seconds 
========================================================================
Received Import Request.
  Time since last request: 0.000203 seconds.
  path: Assets/Graphic/app icon/adaptive/adaptive_432_background.PNG
  artifactKey: Guid(841667c17363fc94d879d0253adbc0fa) Importer(815301076,1909f56bfc062723c751e8b465ee728b)
Start importing Assets/Graphic/app icon/adaptive/adaptive_432_background.PNG using Guid(841667c17363fc94d879d0253adbc0fa) Importer(815301076,1909f56bfc062723c751e8b465ee728b)  -> (artifact id: '90ceadbd458bd8c058184072dbe1d5ce') in 0.013031 seconds 
========================================================================
Received Import Request.
  Time since last request: 0.000404 seconds.
  path: Assets/Graphic/app icon/adaptive/adaptive_108_background.PNG
  artifactKey: Guid(837b5ffd10c23c141b744f547cbf976c) Importer(815301076,1909f56bfc062723c751e8b465ee728b)
Start importing Assets/Graphic/app icon/adaptive/adaptive_108_background.PNG using Guid(837b5ffd10c23c141b744f547cbf976c) Importer(815301076,1909f56bfc062723c751e8b465ee728b)  -> (artifact id: '57b33eac5e7a17f3be50e3aaba6ff4a7') in 0.017111 seconds 
========================================================================
Received Import Request.
  Time since last request: 0.000195 seconds.
  path: Assets/Graphic/app icon/adaptive/adaptive_216_foreground.PNG
  artifactKey: Guid(2f613b285b2df974880e09c6910fa8ee) Importer(815301076,1909f56bfc062723c751e8b465ee728b)
Start importing Assets/Graphic/app icon/adaptive/adaptive_216_foreground.PNG using Guid(2f613b285b2df974880e09c6910fa8ee) Importer(815301076,1909f56bfc062723c751e8b465ee728b)  -> (artifact id: 'afdbcae3d6cb98a2ead6a2bb1ef62c56') in 0.015625 seconds 
========================================================================
Received Import Request.
  Time since last request: 0.000212 seconds.
  path: Assets/Graphic/app icon/adaptive/adaptive_432_foreground.PNG
  artifactKey: Guid(d05c2c6211712d54f84e0f11583a0a44) Importer(815301076,1909f56bfc062723c751e8b465ee728b)
Start importing Assets/Graphic/app icon/adaptive/adaptive_432_foreground.PNG using Guid(d05c2c6211712d54f84e0f11583a0a44) Importer(815301076,1909f56bfc062723c751e8b465ee728b)  -> (artifact id: '1babfebf6cf8e243e8f945a215b4de9c') in 0.018334 seconds 
========================================================================
Received Import Request.
  Time since last request: 0.000228 seconds.
  path: Assets/Graphic/app icon/adaptive/adaptive_324_foreground.png
  artifactKey: Guid(25343d5d7368b9349a1264966e6c2878) Importer(815301076,1909f56bfc062723c751e8b465ee728b)
Start importing Assets/Graphic/app icon/adaptive/adaptive_324_foreground.png using Guid(25343d5d7368b9349a1264966e6c2878) Importer(815301076,1909f56bfc062723c751e8b465ee728b)  -> (artifact id: 'f440b36974cd88709a94e0322c807b3f') in 0.157657 seconds 
========================================================================
Received Import Request.
  Time since last request: 0.000204 seconds.
  path: Assets/Graphic/app icon/adaptive/adaptive_324_background.PNG
  artifactKey: Guid(dd0541a2bdd161547811bbc2f11ee07c) Importer(815301076,1909f56bfc062723c751e8b465ee728b)
Start importing Assets/Graphic/app icon/adaptive/adaptive_324_background.PNG using Guid(dd0541a2bdd161547811bbc2f11ee07c) Importer(815301076,1909f56bfc062723c751e8b465ee728b)  -> (artifact id: '82b0721744c3bb71d51a0bc46e17012d') in 0.042431 seconds 
========================================================================
Received Import Request.
  Time since last request: 0.000224 seconds.
  path: Assets/Graphic/app icon/adaptive/adaptive_162_background.PNG
  artifactKey: Guid(e581db57857049e4cb9223e607017236) Importer(815301076,1909f56bfc062723c751e8b465ee728b)
Start importing Assets/Graphic/app icon/adaptive/adaptive_162_background.PNG using Guid(e581db57857049e4cb9223e607017236) Importer(815301076,1909f56bfc062723c751e8b465ee728b)  -> (artifact id: '721059626affadbbf333d0ce8760dbf3') in 0.017709 seconds 
========================================================================
Received Import Request.
  Time since last request: 43.602084 seconds.
  path: Assets/TextMesh Pro/Examples & Extras/Resources/Fonts & Materials/Anton SDF.asset
  artifactKey: Guid(8a89fa14b10d46a99122fd4f73fca9a2) Importer(815301076,1909f56bfc062723c751e8b465ee728b)
Start importing Assets/TextMesh Pro/Examples & Extras/Resources/Fonts & Materials/Anton SDF.asset using Guid(8a89fa14b10d46a99122fd4f73fca9a2) Importer(815301076,1909f56bfc062723c751e8b465ee728b)  -> (artifact id: '89f74535dbbe80d820aad8820167369b') in 0.111475 seconds 
========================================================================
Received Import Request.
  Time since last request: 4.362918 seconds.
  path: Assets/Graphic/app icon/adaptive/app_icon.jpg
  artifactKey: Guid(383b8fbf9fc2e9641bd10f681311d173) Importer(815301076,1909f56bfc062723c751e8b465ee728b)
Start importing Assets/Graphic/app icon/adaptive/app_icon.jpg using Guid(383b8fbf9fc2e9641bd10f681311d173) Importer(815301076,1909f56bfc062723c751e8b465ee728b)  -> (artifact id: '745d825e03f704642011f34a98b591e2') in 0.035132 seconds 
========================================================================
Received Import Request.
  Time since last request: 45.188834 seconds.
  path: Assets/Graphic/app icon/round_lagacy/round_36.JPG
  artifactKey: Guid(81854bbf2119f144993e6e1206b395a4) Importer(815301076,1909f56bfc062723c751e8b465ee728b)
Start importing Assets/Graphic/app icon/round_lagacy/round_36.JPG using Guid(81854bbf2119f144993e6e1206b395a4) Importer(815301076,1909f56bfc062723c751e8b465ee728b)  -> (artifact id: 'e33e7d34df3d64bb96b019be2f24fd94') in 0.018564 seconds 
========================================================================
Received Import Request.
  Time since last request: 21.458057 seconds.
  path: Assets/TextMesh Pro/Examples & Extras/Resources/Fonts & Materials/Bangers SDF.asset
  artifactKey: Guid(125cb55b44b24c4393181402bc6200e6) Importer(815301076,1909f56bfc062723c751e8b465ee728b)
Start importing Assets/TextMesh Pro/Examples & Extras/Resources/Fonts & Materials/Bangers SDF.asset using Guid(125cb55b44b24c4393181402bc6200e6) Importer(815301076,1909f56bfc062723c751e8b465ee728b)  -> (artifact id: '6ba1bb398137a00be6e06e68b72b365d') in 0.021401 seconds 
========================================================================
Received Import Request.
  Time since last request: 0.000325 seconds.
  path: Assets/TextMesh Pro/Examples & Extras/Textures/Brushed Metal 3.jpg
  artifactKey: Guid(f88677df267a41d6be1e7a6133e7d227) Importer(815301076,1909f56bfc062723c751e8b465ee728b)
Start importing Assets/TextMesh Pro/Examples & Extras/Textures/Brushed Metal 3.jpg using Guid(f88677df267a41d6be1e7a6133e7d227) Importer(815301076,1909f56bfc062723c751e8b465ee728b)  -> (artifact id: '39db24a4cc657830f9b8f726026895fc') in 0.017399 seconds 
========================================================================
Received Import Request.
  Time since last request: 0.000315 seconds.
  path: Assets/Photon/PhotonUnityNetworking/Demos/Shared Assets/Skin/BoxText.png
  artifactKey: Guid(761ff1491b1f86c4d924261c553ac9cc) Importer(815301076,1909f56bfc062723c751e8b465ee728b)
Start importing Assets/Photon/PhotonUnityNetworking/Demos/Shared Assets/Skin/BoxText.png using Guid(761ff1491b1f86c4d924261c553ac9cc) Importer(815301076,1909f56bfc062723c751e8b465ee728b)  -> (artifact id: '3a40490a15cc7ac4baf9ad83070ba9d8') in 0.025422 seconds 
========================================================================
Received Import Request.
  Time since last request: 0.000282 seconds.
  path: Assets/Photon/PhotonUnityNetworking/Demos/Shared Assets/Skin/BoxOrange.png
  artifactKey: Guid(13548d8d0fcb5c44b8044ce08a99c697) Importer(815301076,1909f56bfc062723c751e8b465ee728b)
Start importing Assets/Photon/PhotonUnityNetworking/Demos/Shared Assets/Skin/BoxOrange.png using Guid(13548d8d0fcb5c44b8044ce08a99c697) Importer(815301076,1909f56bfc062723c751e8b465ee728b)  -> (artifact id: '1af6b81e93282d04e701dfc3ea16af24') in 0.014938 seconds 
========================================================================
Received Import Request.
  Time since last request: 0.000278 seconds.
  path: Assets/Photon/PhotonUnityNetworking/Demos/Shared Assets/Skin/BoxBright.png
  artifactKey: Guid(ab6d288fac925ae48bbeb5e02d83dce3) Importer(815301076,1909f56bfc062723c751e8b465ee728b)
Start importing Assets/Photon/PhotonUnityNetworking/Demos/Shared Assets/Skin/BoxBright.png using Guid(ab6d288fac925ae48bbeb5e02d83dce3) Importer(815301076,1909f56bfc062723c751e8b465ee728b)  -> (artifact id: 'e1f474829132f621ded37101a4bb69e0') in 0.014829 seconds 
========================================================================
Received Import Request.
  Time since last request: 0.000252 seconds.
  path: Assets/Photon/PhotonUnityNetworking/Demos/Shared Assets/Skin/BoxTextHover.png
  artifactKey: Guid(13154691f37c1884c865b54d8bd29d6e) Importer(815301076,1909f56bfc062723c751e8b465ee728b)
Start importing Assets/Photon/PhotonUnityNetworking/Demos/Shared Assets/Skin/BoxTextHover.png using Guid(13154691f37c1884c865b54d8bd29d6e) Importer(815301076,1909f56bfc062723c751e8b465ee728b)  -> (artifact id: 'fa5e911f2e0742de5dd77115f3e7a85a') in 0.015428 seconds 
========================================================================
Received Import Request.
  Time since last request: 0.000188 seconds.
  path: Assets/Photon/PhotonUnityNetworking/Demos/Shared Assets/Skin/BoxOrangeRed.png
  artifactKey: Guid(72708a25103c3fe4f9074f7296e86b7a) Importer(815301076,1909f56bfc062723c751e8b465ee728b)
Start importing Assets/Photon/PhotonUnityNetworking/Demos/Shared Assets/Skin/BoxOrangeRed.png using Guid(72708a25103c3fe4f9074f7296e86b7a) Importer(815301076,1909f56bfc062723c751e8b465ee728b)  -> (artifact id: 'a91a74246f5fa7f775e745e76e93fe62') in 0.018188 seconds 
========================================================================
Received Import Request.
  Time since last request: 10.875430 seconds.
  path: Assets/Graphic/app icon/round_lagacy/round_48.JPG
  artifactKey: Guid(433644d536d63b84cabc1599eb0b5cf6) Importer(815301076,1909f56bfc062723c751e8b465ee728b)
Start importing Assets/Graphic/app icon/round_lagacy/round_48.JPG using Guid(433644d536d63b84cabc1599eb0b5cf6) Importer(815301076,1909f56bfc062723c751e8b465ee728b)  -> (artifact id: 'c6259308bf0072efbe31687f56e94b17') in 0.016094 seconds 
========================================================================
Received Import Request.
  Time since last request: 0.000273 seconds.
  path: Assets/Graphic/app icon/round_lagacy/round_72.JPG
  artifactKey: Guid(ebe6761d0ab8c9043913af9c0d064ffb) Importer(815301076,1909f56bfc062723c751e8b465ee728b)
Start importing Assets/Graphic/app icon/round_lagacy/round_72.JPG using Guid(ebe6761d0ab8c9043913af9c0d064ffb) Importer(815301076,1909f56bfc062723c751e8b465ee728b)  -> (artifact id: '63b235b87dd6cde64b4e25e67db5ebf9') in 0.018828 seconds 
========================================================================
Received Import Request.
  Time since last request: 0.000296 seconds.
  path: Assets/Graphic/app icon/round_lagacy/round_192.JPG
  artifactKey: Guid(5c289188b4e616e4095b6e609bf4fde6) Importer(815301076,1909f56bfc062723c751e8b465ee728b)
Start importing Assets/Graphic/app icon/round_lagacy/round_192.JPG using Guid(5c289188b4e616e4095b6e609bf4fde6) Importer(815301076,1909f56bfc062723c751e8b465ee728b)  -> (artifact id: '0455bb5fe6a79193f99bd2dc3aaa30db') in 0.016381 seconds 
========================================================================
Received Import Request.
  Time since last request: 0.000290 seconds.
  path: Assets/Graphic/app icon/round_lagacy/round_144.JPG
  artifactKey: Guid(95fc212fba1ad3a419ea286b740e783b) Importer(815301076,1909f56bfc062723c751e8b465ee728b)
Start importing Assets/Graphic/app icon/round_lagacy/round_144.JPG using Guid(95fc212fba1ad3a419ea286b740e783b) Importer(815301076,1909f56bfc062723c751e8b465ee728b)  -> (artifact id: '9f3679cceb390007761377be98826ae2') in 0.026350 seconds 
========================================================================
Received Import Request.
  Time since last request: 0.000276 seconds.
  path: Assets/Graphic/app icon/round_lagacy/round_96.JPG
  artifactKey: Guid(d4c873e59cde66241adb7a6ee4c1014d) Importer(815301076,1909f56bfc062723c751e8b465ee728b)
Start importing Assets/Graphic/app icon/round_lagacy/round_96.JPG using Guid(d4c873e59cde66241adb7a6ee4c1014d) Importer(815301076,1909f56bfc062723c751e8b465ee728b)  -> (artifact id: '2f16f284f5f42482aac032e4bcf9e99b') in 0.035532 seconds 
========================================================================
Received Prepare
Registering precompiled user dll's ...
Registered in 0.008855 seconds.
Begin MonoManager ReloadAssembly
Symbol file LoadedFromMemory doesn't match image C:\Users\弦外之音\Desktop\Unity\Splendor\Splendor\Library\PackageCache\com.unity.visualscripting@1.6.1\Editor\VisualScripting.Core\Dependencies\YamlDotNet\Unity.VisualScripting.YamlDotNet.dll
Symbol file LoadedFromMemory doesn't match image C:\Users\弦外之音\Desktop\Unity\Splendor\Splendor\Library\PackageCache\com.unity.visualscripting@1.6.1\Editor\VisualScripting.Core\Dependencies\DotNetZip\Unity.VisualScripting.IonicZip.dll
Native extension for WindowsStandalone target not found
Refreshing native plugins compatible for Editor in 1.03 ms, found 4 plugins.
Preloading 0 native plugins for Editor in 0.00 ms.
Mono: successfully reloaded assembly
- Completed reload, in  1.502 seconds
Domain Reload Profiling:
	ReloadAssembly (1503ms)
		BeginReloadAssembly (145ms)
			ExecutionOrderSort (0ms)
			DisableScriptedObjects (6ms)
			BackupInstance (0ms)
			ReleaseScriptingObjects (0ms)
			CreateAndSetChildDomain (48ms)
		EndReloadAssembly (1291ms)
			LoadAssemblies (107ms)
			RebuildTransferFunctionScriptingTraits (0ms)
			SetupTypeCache (446ms)
			ReleaseScriptCaches (1ms)
			RebuildScriptCaches (66ms)
			SetupLoadedEditorAssemblies (386ms)
				LogAssemblyErrors (0ms)
				InitializePlatformSupportModulesInManaged (6ms)
				SetLoadedEditorAssemblies (0ms)
				RefreshPlugins (1ms)
				BeforeProcessingInitializeOnLoad (92ms)
				ProcessInitializeOnLoadAttributes (267ms)
				ProcessInitializeOnLoadMethodAttributes (13ms)
				AfterProcessingInitializeOnLoad (7ms)
				EditorAssembliesLoaded (0ms)
			ExecutionOrderSort2 (0ms)
			AwakeInstancesAfterBackupRestoration (20ms)
Platform modules already initialized, skipping
Switching build target platform(19) subTarget(0) extendedPlatform(0) -> platform(13) subTarget(537395200) extendedPlatform(0)
Refreshing native plugins compatible for Editor in 0.84 ms, found 4 plugins.
Preloading 0 native plugins for Editor in 0.00 ms.
Unloading 3973 Unused Serialized files (Serialized files now loaded: 0)
System memory in use before: 164.4 MB.
System memory in use after: 164.5 MB.

Unloading 30 unused Assets to reduce memory usage. Loaded Objects now: 4871.
Total: 3.298100 ms (FindLiveObjects: 0.332300 ms CreateObjectMapping: 0.219100 ms MarkObjects: 2.640900 ms  DeleteObjects: 0.104500 ms)

AssetImportParameters requested are different than current active one (requested -> active):
  custom:framework-win-MediaFoundation: 216162199b28c13a410421893ffa2e32 -> 
  custom:video-decoder-ogg-theora: a1e56fd34408186e4bbccfd4996cb3dc -> 
  custom:container-muxer-webm: aa71ff27fc2769a1b78a27578f13a17b -> 
  custom:container-demuxer-webm: 4f35f7cbe854078d1ac9338744f61a02 -> 
  custom:container-demuxer-ogg: 62fdf1f143b41e24485cea50d1cbac27 -> 
  custom:video-encoder-webm-vp8: eb34c28f22e8b96e1ab97ce403110664 -> 
  custom:video-decoder-webm-vp8: 9c59270c3fd7afecdb556c50c9e8de78 -> 
  custom:graphics/normal-map-encoding: 01000000000000000000000000000000 -> 02000000000000000000000000000000
  custom:audio-decoder-ogg-vorbis: bf7c407c2cedff20999df2af8eb42d56 -> 
  custom:audio-encoder-webm-vorbis: bf7c407c2cedff20999df2af8eb42d56 -> 
========================================================================
Received Prepare
Refreshing native plugins compatible for Editor in 6.43 ms, found 4 plugins.
Preloading 0 native plugins for Editor in 0.00 ms.
Unloading 28 Unused Serialized files (Serialized files now loaded: 0)
System memory in use before: 85.9 MB.
System memory in use after: 86.0 MB.

Unloading 28 unused Assets to reduce memory usage. Loaded Objects now: 4871.
Total: 2.996300 ms (FindLiveObjects: 0.332700 ms CreateObjectMapping: 0.213200 ms MarkObjects: 2.357800 ms  DeleteObjects: 0.091600 ms)

AssetImportParameters requested are different than current active one (requested -> active):
  custom:framework-win-MediaFoundation: 216162199b28c13a410421893ffa2e32 -> 
  custom:video-decoder-ogg-theora: a1e56fd34408186e4bbccfd4996cb3dc -> 
  custom:container-muxer-webm: aa71ff27fc2769a1b78a27578f13a17b -> 
  custom:container-demuxer-webm: 4f35f7cbe854078d1ac9338744f61a02 -> 
  custom:container-demuxer-ogg: 62fdf1f143b41e24485cea50d1cbac27 -> 
  custom:video-encoder-webm-vp8: eb34c28f22e8b96e1ab97ce403110664 -> 
  custom:video-decoder-webm-vp8: 9c59270c3fd7afecdb556c50c9e8de78 -> 
  custom:audio-decoder-ogg-vorbis: bf7c407c2cedff20999df2af8eb42d56 -> 
  custom:audio-encoder-webm-vorbis: bf7c407c2cedff20999df2af8eb42d56 -> 
========================================================================
Received Prepare
Refreshing native plugins compatible for Editor in 5.85 ms, found 4 plugins.
Preloading 0 native plugins for Editor in 0.00 ms.
Unloading 28 Unused Serialized files (Serialized files now loaded: 0)
System memory in use before: 85.9 MB.
System memory in use after: 86.0 MB.

Unloading 28 unused Assets to reduce memory usage. Loaded Objects now: 4871.
Total: 2.862900 ms (FindLiveObjects: 0.312400 ms CreateObjectMapping: 0.217700 ms MarkObjects: 2.236300 ms  DeleteObjects: 0.095500 ms)

AssetImportParameters requested are different than current active one (requested -> active):
  custom:framework-win-MediaFoundation: 216162199b28c13a410421893ffa2e32 -> 
  custom:video-decoder-ogg-theora: a1e56fd34408186e4bbccfd4996cb3dc -> 
  custom:container-muxer-webm: aa71ff27fc2769a1b78a27578f13a17b -> 
  custom:container-demuxer-webm: 4f35f7cbe854078d1ac9338744f61a02 -> 
  custom:container-demuxer-ogg: 62fdf1f143b41e24485cea50d1cbac27 -> 
  custom:video-encoder-webm-vp8: eb34c28f22e8b96e1ab97ce403110664 -> 
  custom:video-decoder-webm-vp8: 9c59270c3fd7afecdb556c50c9e8de78 -> 
  custom:audio-decoder-ogg-vorbis: bf7c407c2cedff20999df2af8eb42d56 -> 
  custom:audio-encoder-webm-vorbis: bf7c407c2cedff20999df2af8eb42d56 -> 
========================================================================
Received Import Request.
  Time since last request: 304.648216 seconds.
  path: Assets/Graphic/app icon/round_lagacy/round_36.JPG
  artifactKey: Guid(81854bbf2119f144993e6e1206b395a4) Importer(815301076,1909f56bfc062723c751e8b465ee728b)
Start importing Assets/Graphic/app icon/round_lagacy/round_36.JPG using Guid(81854bbf2119f144993e6e1206b395a4) Importer(815301076,1909f56bfc062723c751e8b465ee728b)  -> (artifact id: 'aee6d84fb5626ebc79fb3f923e810a20') in 0.080204 seconds 
========================================================================
Received Import Request.
  Time since last request: 0.000208 seconds.
  path: Assets/Graphic/app icon/round_lagacy/round_72.JPG
  artifactKey: Guid(ebe6761d0ab8c9043913af9c0d064ffb) Importer(815301076,1909f56bfc062723c751e8b465ee728b)
Start importing Assets/Graphic/app icon/round_lagacy/round_72.JPG using Guid(ebe6761d0ab8c9043913af9c0d064ffb) Importer(815301076,1909f56bfc062723c751e8b465ee728b)  -> (artifact id: '30be8c07d2888856bc5efd528d9f9c0e') in 0.026787 seconds 
========================================================================
Received Import Request.
  Time since last request: 0.000187 seconds.
  path: Assets/Graphic/app icon/round_lagacy/round_192.JPG
  artifactKey: Guid(5c289188b4e616e4095b6e609bf4fde6) Importer(815301076,1909f56bfc062723c751e8b465ee728b)
Start importing Assets/Graphic/app icon/round_lagacy/round_192.JPG using Guid(5c289188b4e616e4095b6e609bf4fde6) Importer(815301076,1909f56bfc062723c751e8b465ee728b)  -> (artifact id: '7b90f4b3ed121542e3a3d5800f5dc5ca') in 0.021399 seconds 
========================================================================
Received Import Request.
  Time since last request: 0.007502 seconds.
  path: Assets/Graphic/app icon/round_lagacy/round_144.JPG
  artifactKey: Guid(95fc212fba1ad3a419ea286b740e783b) Importer(815301076,1909f56bfc062723c751e8b465ee728b)
Start importing Assets/Graphic/app icon/round_lagacy/round_144.JPG using Guid(95fc212fba1ad3a419ea286b740e783b) Importer(815301076,1909f56bfc062723c751e8b465ee728b)  -> (artifact id: '7af27af41d1179536c854b4d580e91ac') in 0.076919 seconds 
========================================================================
Received Import Request.
  Time since last request: 0.000180 seconds.
  path: Assets/Graphic/app icon/round_lagacy/round_48.JPG
  artifactKey: Guid(433644d536d63b84cabc1599eb0b5cf6) Importer(815301076,1909f56bfc062723c751e8b465ee728b)
Start importing Assets/Graphic/app icon/round_lagacy/round_48.JPG using Guid(433644d536d63b84cabc1599eb0b5cf6) Importer(815301076,1909f56bfc062723c751e8b465ee728b)  -> (artifact id: '7bee1b4141ee57ba76414685ce4c8755') in 0.013037 seconds 
========================================================================
Received Import Request.
  Time since last request: 0.000191 seconds.
  path: Assets/Graphic/app icon/round_lagacy/round_96.JPG
  artifactKey: Guid(d4c873e59cde66241adb7a6ee4c1014d) Importer(815301076,1909f56bfc062723c751e8b465ee728b)
Start importing Assets/Graphic/app icon/round_lagacy/round_96.JPG using Guid(d4c873e59cde66241adb7a6ee4c1014d) Importer(815301076,1909f56bfc062723c751e8b465ee728b)  -> (artifact id: '95b7a4eb63b35b8af81c6acf1574dee9') in 0.019802 seconds 
========================================================================
Received Import Request.
  Time since last request: 10.526263 seconds.
  path: Assets/Graphic/app icon/adaptive/app_icon.jpg
  artifactKey: Guid(383b8fbf9fc2e9641bd10f681311d173) Importer(815301076,1909f56bfc062723c751e8b465ee728b)
Start importing Assets/Graphic/app icon/adaptive/app_icon.jpg using Guid(383b8fbf9fc2e9641bd10f681311d173) Importer(815301076,1909f56bfc062723c751e8b465ee728b)  -> (artifact id: '248396e0656354264e0ed108090cd5da') in 0.013527 seconds 
AssetImportWorkerClient::OnTransportError - code=2 error=End of file
